<?xml version="1.0" encoding="UTF-8"?>
<testng-results ignored="0" total="4" passed="4" failed="0" skipped="0">
  <reporter-output>
  </reporter-output>
  <suite started-at="2025-02-15T22:29:36 IST" name="Suite" finished-at="2025-02-15T22:30:10 IST" duration-ms="34311">
    <groups>
    </groups>
    <test started-at="2025-02-15T22:29:36 IST" name="Test3" finished-at="2025-02-15T22:29:36 IST" duration-ms="9">
    </test> <!-- Test3 -->
    <test started-at="2025-02-15T22:29:36 IST" name="Test2" finished-at="2025-02-15T22:29:52 IST" duration-ms="15703">
      <class name="tests.LoginTest">
        <test-method is-config="true" signature="launchBrowser()[pri:0, instance:tests.LoginTest@7dfb0c0f]" started-at="2025-02-15T22:29:37 IST" name="launchBrowser" finished-at="2025-02-15T22:29:39 IST" duration-ms="2642" status="PASS">
          <reporter-output>
          </reporter-output>
        </test-method> <!-- launchBrowser -->
        <test-method signature="login(java.lang.String,java.lang.String,java.lang.String)[pri:0, instance:tests.LoginTest@7dfb0c0f]" started-at="2025-02-15T22:29:39 IST" name="login" data-provider="getLoginData" finished-at="2025-02-15T22:29:41 IST" duration-ms="1353" status="PASS">
          <params>
            <param index="0">
              <value>
                <![CDATA[srijit@123.com]]>
              </value>
            </param>
            <param index="1">
              <value>
                <![CDATA[1234]]>
              </value>
            </param>
            <param index="2">
              <value>
                <![CDATA[pass]]>
              </value>
            </param>
          </params>
          <reporter-output>
          </reporter-output>
        </test-method> <!-- login -->
        <test-method is-config="true" signature="browserClose()[pri:0, instance:tests.LoginTest@7dfb0c0f]" started-at="2025-02-15T22:29:41 IST" name="browserClose" finished-at="2025-02-15T22:29:42 IST" duration-ms="1145" status="PASS">
          <reporter-output>
          </reporter-output>
        </test-method> <!-- browserClose -->
        <test-method is-config="true" signature="launchBrowser()[pri:0, instance:tests.LoginTest@7dfb0c0f]" started-at="2025-02-15T22:29:42 IST" name="launchBrowser" finished-at="2025-02-15T22:29:44 IST" duration-ms="2258" status="PASS">
          <reporter-output>
          </reporter-output>
        </test-method> <!-- launchBrowser -->
        <test-method signature="login(java.lang.String,java.lang.String,java.lang.String)[pri:0, instance:tests.LoginTest@7dfb0c0f]" started-at="2025-02-15T22:29:44 IST" name="login" data-provider="getLoginData" finished-at="2025-02-15T22:29:52 IST" duration-ms="7645" status="PASS">
          <params>
            <param index="0">
              <value>
                <![CDATA[any@email.com]]>
              </value>
            </param>
            <param index="1">
              <value>
                <![CDATA[abcd]]>
              </value>
            </param>
            <param index="2">
              <value>
                <![CDATA[fail]]>
              </value>
            </param>
          </params>
          <reporter-output>
          </reporter-output>
        </test-method> <!-- login -->
        <test-method is-config="true" signature="browserClose()[pri:0, instance:tests.LoginTest@7dfb0c0f]" started-at="2025-02-15T22:29:52 IST" name="browserClose" finished-at="2025-02-15T22:29:52 IST" duration-ms="14" status="PASS">
          <reporter-output>
          </reporter-output>
        </test-method> <!-- browserClose -->
      </class> <!-- tests.LoginTest -->
    </test> <!-- Test2 -->
    <test started-at="2025-02-15T22:29:36 IST" name="Test1" finished-at="2025-02-15T22:30:10 IST" duration-ms="34311">
      <class name="tests.SearchProductTest">
        <test-method is-config="true" signature="launchBrowser()[pri:0, instance:tests.SearchProductTest@65987993]" started-at="2025-02-15T22:29:37 IST" name="launchBrowser" finished-at="2025-02-15T22:29:41 IST" duration-ms="4192" status="PASS">
          <reporter-output>
          </reporter-output>
        </test-method> <!-- launchBrowser -->
        <test-method signature="searchProduct(java.lang.String,java.lang.String,java.lang.String)[pri:0, instance:tests.SearchProductTest@65987993]" started-at="2025-02-15T22:29:41 IST" name="searchProduct" data-provider="getLoginData" finished-at="2025-02-15T22:29:48 IST" duration-ms="7509" status="PASS">
          <params>
            <param index="0">
              <value>
                <![CDATA[srijit@123.com]]>
              </value>
            </param>
            <param index="1">
              <value>
                <![CDATA[1234]]>
              </value>
            </param>
            <param index="2">
              <value>
                <![CDATA[pass]]>
              </value>
            </param>
          </params>
          <reporter-output>
          </reporter-output>
        </test-method> <!-- searchProduct -->
        <test-method is-config="true" signature="browserClose()[pri:0, instance:tests.SearchProductTest@65987993]" started-at="2025-02-15T22:29:48 IST" name="browserClose" finished-at="2025-02-15T22:29:55 IST" duration-ms="6287" status="PASS">
          <reporter-output>
          </reporter-output>
        </test-method> <!-- browserClose -->
        <test-method is-config="true" signature="launchBrowser()[pri:0, instance:tests.SearchProductTest@65987993]" started-at="2025-02-15T22:29:55 IST" name="launchBrowser" finished-at="2025-02-15T22:29:57 IST" duration-ms="2183" status="PASS">
          <reporter-output>
          </reporter-output>
        </test-method> <!-- launchBrowser -->
        <test-method signature="searchProduct(java.lang.String,java.lang.String,java.lang.String)[pri:0, instance:tests.SearchProductTest@65987993]" started-at="2025-02-15T22:29:57 IST" name="searchProduct" data-provider="getLoginData" finished-at="2025-02-15T22:30:04 IST" duration-ms="7220" status="PASS">
          <params>
            <param index="0">
              <value>
                <![CDATA[any@email.com]]>
              </value>
            </param>
            <param index="1">
              <value>
                <![CDATA[abcd]]>
              </value>
            </param>
            <param index="2">
              <value>
                <![CDATA[fail]]>
              </value>
            </param>
          </params>
          <reporter-output>
          </reporter-output>
        </test-method> <!-- searchProduct -->
        <test-method is-config="true" signature="browserClose()[pri:0, instance:tests.SearchProductTest@65987993]" started-at="2025-02-15T22:30:04 IST" name="browserClose" finished-at="2025-02-15T22:30:10 IST" duration-ms="6276" status="PASS">
          <reporter-output>
          </reporter-output>
        </test-method> <!-- browserClose -->
      </class> <!-- tests.SearchProductTest -->
    </test> <!-- Test1 -->
  </suite> <!-- Suite -->
</testng-results>
