<?xml version="1.0" encoding="UTF-8"?>
<testng-results ignored="1" total="5" passed="4" failed="0" skipped="0">
  <reporter-output>
  </reporter-output>
  <suite started-at="2025-02-15T22:28:45 IST" name="Suite" finished-at="2025-02-15T22:29:21 IST" duration-ms="35800">
    <groups>
    </groups>
    <test started-at="2025-02-15T22:28:45 IST" name="Test3" finished-at="2025-02-15T22:28:45 IST" duration-ms="8">
    </test> <!-- Test3 -->
    <test started-at="2025-02-15T22:28:45 IST" name="Test1" finished-at="2025-02-15T22:29:18 IST" duration-ms="32804">
      <class name="tests.SearchProductTest">
        <test-method is-config="true" signature="launchBrowser()[pri:0, instance:tests.SearchProductTest@239a307b]" started-at="2025-02-15T22:28:45 IST" name="launchBrowser" finished-at="2025-02-15T22:28:48 IST" duration-ms="2598" status="PASS">
          <reporter-output>
          </reporter-output>
        </test-method> <!-- launchBrowser -->
        <test-method signature="searchProduct(java.lang.String,java.lang.String,java.lang.String)[pri:0, instance:tests.SearchProductTest@239a307b]" started-at="2025-02-15T22:28:48 IST" name="searchProduct" data-provider="getLoginData" finished-at="2025-02-15T22:28:56 IST" duration-ms="7548" status="PASS">
          <params>
            <param index="0">
              <value>
                <![CDATA[srijit@123.com]]>
              </value>
            </param>
            <param index="1">
              <value>
                <![CDATA[1234]]>
              </value>
            </param>
            <param index="2">
              <value>
                <![CDATA[pass]]>
              </value>
            </param>
          </params>
          <reporter-output>
          </reporter-output>
        </test-method> <!-- searchProduct -->
        <test-method is-config="true" signature="browserClose()[pri:0, instance:tests.SearchProductTest@239a307b]" started-at="2025-02-15T22:28:56 IST" name="browserClose" finished-at="2025-02-15T22:29:02 IST" duration-ms="6185" status="PASS">
          <reporter-output>
          </reporter-output>
        </test-method> <!-- browserClose -->
        <test-method is-config="true" signature="launchBrowser()[pri:0, instance:tests.SearchProductTest@239a307b]" started-at="2025-02-15T22:29:02 IST" name="launchBrowser" finished-at="2025-02-15T22:29:04 IST" duration-ms="2214" status="PASS">
          <reporter-output>
          </reporter-output>
        </test-method> <!-- launchBrowser -->
        <test-method signature="searchProduct(java.lang.String,java.lang.String,java.lang.String)[pri:0, instance:tests.SearchProductTest@239a307b]" started-at="2025-02-15T22:29:04 IST" name="searchProduct" data-provider="getLoginData" finished-at="2025-02-15T22:29:11 IST" duration-ms="7295" status="PASS">
          <params>
            <param index="0">
              <value>
                <![CDATA[any@email.com]]>
              </value>
            </param>
            <param index="1">
              <value>
                <![CDATA[abcd]]>
              </value>
            </param>
            <param index="2">
              <value>
                <![CDATA[fail]]>
              </value>
            </param>
          </params>
          <reporter-output>
          </reporter-output>
        </test-method> <!-- searchProduct -->
        <test-method is-config="true" signature="browserClose()[pri:0, instance:tests.SearchProductTest@239a307b]" started-at="2025-02-15T22:29:11 IST" name="browserClose" finished-at="2025-02-15T22:29:18 IST" duration-ms="6326" status="PASS">
          <reporter-output>
          </reporter-output>
        </test-method> <!-- browserClose -->
      </class> <!-- tests.SearchProductTest -->
    </test> <!-- Test1 -->
    <test started-at="2025-02-15T22:28:45 IST" name="Test2" finished-at="2025-02-15T22:29:21 IST" duration-ms="35800">
      <class name="tests.LoginTest">
        <test-method is-config="true" signature="launchBrowser()[pri:0, instance:tests.LoginTest@5dafbe45]" started-at="2025-02-15T22:28:45 IST" name="launchBrowser" finished-at="2025-02-15T22:28:49 IST" duration-ms="3994" status="PASS">
          <reporter-output>
          </reporter-output>
        </test-method> <!-- launchBrowser -->
        <test-method signature="login(java.lang.String,java.lang.String,java.lang.String)[pri:0, instance:tests.LoginTest@5dafbe45]" started-at="2025-02-15T22:28:49 IST" name="login" data-provider="getLoginData" finished-at="2025-02-15T22:28:50 IST" duration-ms="1059" status="PASS">
          <params>
            <param index="0">
              <value>
                <![CDATA[srijit@123.com]]>
              </value>
            </param>
            <param index="1">
              <value>
                <![CDATA[1234]]>
              </value>
            </param>
            <param index="2">
              <value>
                <![CDATA[pass]]>
              </value>
            </param>
          </params>
          <reporter-output>
          </reporter-output>
        </test-method> <!-- login -->
        <test-method is-config="true" signature="browserClose()[pri:0, instance:tests.LoginTest@5dafbe45]" started-at="2025-02-15T22:28:50 IST" name="browserClose" finished-at="2025-02-15T22:28:52 IST" duration-ms="1159" status="PASS">
          <reporter-output>
          </reporter-output>
        </test-method> <!-- browserClose -->
        <test-method is-config="true" signature="launchBrowser()[pri:0, instance:tests.LoginTest@5dafbe45]" started-at="2025-02-15T22:28:52 IST" name="launchBrowser" finished-at="2025-02-15T22:28:56 IST" duration-ms="4121" status="PASS">
          <reporter-output>
          </reporter-output>
        </test-method> <!-- launchBrowser -->
        <test-method signature="login(java.lang.String,java.lang.String,java.lang.String)[pri:0, instance:tests.LoginTest@5dafbe45]" started-at="2025-02-15T22:28:56 IST" name="login" data-provider="getLoginData" finished-at="2025-02-15T22:29:21 IST" duration-ms="24842" status="PASS">
          <params>
            <param index="0">
              <value>
                <![CDATA[any@email.com]]>
              </value>
            </param>
            <param index="1">
              <value>
                <![CDATA[abcd]]>
              </value>
            </param>
            <param index="2">
              <value>
                <![CDATA[fail]]>
              </value>
            </param>
          </params>
          <reporter-output>
          </reporter-output>
        </test-method> <!-- login -->
        <test-method is-config="true" signature="browserClose()[pri:0, instance:tests.LoginTest@5dafbe45]" started-at="2025-02-15T22:29:21 IST" name="browserClose" finished-at="2025-02-15T22:29:21 IST" duration-ms="15" status="PASS">
          <reporter-output>
          </reporter-output>
        </test-method> <!-- browserClose -->
      </class> <!-- tests.LoginTest -->
    </test> <!-- Test2 -->
  </suite> <!-- Suite -->
</testng-results>
